2025-12-17 13:11:46 | INFO     | ======================================================================
2025-12-17 13:11:46 | INFO     | SOP FAISS Index Creator - MVP Production
2025-12-17 13:11:46 | INFO     | ======================================================================
2025-12-17 13:11:46 | INFO     | Step 0: Validating Configuration
2025-12-17 13:11:46 | INFO     | Config: {
  "data_dir": "data",
  "sop_document": "WellStreet_Voice_AI_SOP.docx",
  "faiss_index_dir": "sop_faiss_index",
  "chunk_size": 500,
  "chunk_overlap": 100,
  "top_k": 3,
  "embedding_deployment": "wellstreettext-embedding-ada-002"
}
2025-12-17 13:11:46 | INFO     | Step 1: Loading Document
2025-12-17 13:11:46 | INFO     | Document size: 0.01 MB
2025-12-17 13:11:46 | INFO     | Loading: C:\Users\Admin\Documents\voice-ai-poc\data\WellStreet_Voice_AI_SOP.docx
2025-12-17 13:11:46 | INFO     | Loaded 1 document(s) in 0.02s
2025-12-17 13:11:46 | INFO     | Total characters: 9,499
2025-12-17 13:11:46 | INFO     | Total words: 1,343
2025-12-17 13:11:46 | INFO     | Step 2: Chunking Document
2025-12-17 13:11:46 | INFO     | Chunking with size=500, overlap=100
2025-12-17 13:11:46 | INFO     | Created 25 chunks in 0.00s
2025-12-17 13:11:46 | INFO     | Chunk sizes - Avg: 437, Min: 44, Max: 497
2025-12-17 13:11:46 | INFO     | Step 3: Enriching Metadata
2025-12-17 13:11:46 | INFO     | Enriching metadata...
2025-12-17 13:11:46 | INFO     | Enriched 25 chunks in 0.00s
2025-12-17 13:11:46 | INFO     | Step 4: Initializing Embeddings
2025-12-17 13:11:46 | INFO     | Initializing embeddings (attempt 1/3)
2025-12-17 13:11:48 | INFO     | Embeddings initialized. Dimension: 1536
2025-12-17 13:11:48 | INFO     | Step 5: Creating FAISS Index
2025-12-17 13:11:48 | INFO     | Creating FAISS index with 25 chunks...
2025-12-17 13:11:50 | INFO     | Index created in 1.07s
2025-12-17 13:11:50 | INFO     | Step 6: Saving Index
2025-12-17 13:11:50 | INFO     | Index saved: C:\Users\Admin\Documents\voice-ai-poc\sop_faiss_index
2025-12-17 13:11:50 | INFO     | Step 7: Validating Index
2025-12-17 13:11:50 | INFO     | Index files validated
2025-12-17 13:11:50 | INFO     | Step 8: Testing Retrieval
2025-12-17 13:11:50 | INFO     | Running retrieval tests...
2025-12-17 13:11:52 | INFO     | Tests complete. Avg query time: 263.36ms
2025-12-17 13:11:52 | INFO     | Step 9: Saving Index Info
2025-12-17 13:11:52 | INFO     | Index info saved: C:\Users\Admin\Documents\voice-ai-poc\sop_faiss_index\index_info.json
2025-12-17 13:11:52 | INFO     | ======================================================================
2025-12-17 13:11:52 | INFO     | MVP INDEX CREATED SUCCESSFULLY
2025-12-17 13:11:52 | INFO     | ======================================================================
2025-12-17 13:11:52 | INFO     |    Document: WellStreet_Voice_AI_SOP.docx
2025-12-17 13:11:52 | INFO     |    Chunks: 25
2025-12-17 13:11:52 | INFO     |    Index Path: C:\Users\Admin\Documents\voice-ai-poc\sop_faiss_index
2025-12-17 13:11:52 | INFO     |    Total Time: 5.81s
2025-12-17 13:11:52 | INFO     | ======================================================================
